Determining if the pthread_create exist failed with the following output:
Change Dir: /home/dennis-18/Simulation-Dreamer-Phy/build/CMakeFiles/CMakeTmp

Run Build Command:"/usr/bin/make" "cmTC_fa760/fast"
/usr/bin/make -f CMakeFiles/cmTC_fa760.dir/build.make CMakeFiles/cmTC_fa760.dir/build
make[1]: Entering directory '/home/dennis-18/Simulation-Dreamer-Phy/build/CMakeFiles/CMakeTmp'
Building C object CMakeFiles/cmTC_fa760.dir/CheckSymbolExists.c.o
/usr/bin/cc    -o CMakeFiles/cmTC_fa760.dir/CheckSymbolExists.c.o   -c /home/dennis-18/Simulation-Dreamer-Phy/build/CMakeFiles/CMakeTmp/CheckSymbolExists.c
Linking C executable cmTC_fa760
/usr/bin/cmake -E cmake_link_script CMakeFiles/cmTC_fa760.dir/link.txt --verbose=1
/usr/bin/cc      -rdynamic CMakeFiles/cmTC_fa760.dir/CheckSymbolExists.c.o  -o cmTC_fa760 
CMakeFiles/cmTC_fa760.dir/CheckSymbolExists.c.o: In function `main':
CheckSymbolExists.c:(.text+0x1b): undefined reference to `pthread_create'
collect2: error: ld returned 1 exit status
CMakeFiles/cmTC_fa760.dir/build.make:97: recipe for target 'cmTC_fa760' failed
make[1]: *** [cmTC_fa760] Error 1
make[1]: Leaving directory '/home/dennis-18/Simulation-Dreamer-Phy/build/CMakeFiles/CMakeTmp'
Makefile:126: recipe for target 'cmTC_fa760/fast' failed
make: *** [cmTC_fa760/fast] Error 2

File /home/dennis-18/Simulation-Dreamer-Phy/build/CMakeFiles/CMakeTmp/CheckSymbolExists.c:
/* */
#include <pthread.h>

int main(int argc, char** argv)
{
  (void)argv;
#ifndef pthread_create
  return ((int*)(&pthread_create))[argc];
#else
  (void)argc;
  return 0;
#endif
}

Determining if the function pthread_create exists in the pthreads failed with the following output:
Change Dir: /home/dennis-18/Simulation-Dreamer-Phy/build/CMakeFiles/CMakeTmp

Run Build Command:"/usr/bin/make" "cmTC_c656b/fast"
/usr/bin/make -f CMakeFiles/cmTC_c656b.dir/build.make CMakeFiles/cmTC_c656b.dir/build
make[1]: Entering directory '/home/dennis-18/Simulation-Dreamer-Phy/build/CMakeFiles/CMakeTmp'
Building C object CMakeFiles/cmTC_c656b.dir/CheckFunctionExists.c.o
/usr/bin/cc   -DCHECK_FUNCTION_EXISTS=pthread_create   -o CMakeFiles/cmTC_c656b.dir/CheckFunctionExists.c.o   -c /usr/share/cmake-3.10/Modules/CheckFunctionExists.c
Linking C executable cmTC_c656b
/usr/bin/cmake -E cmake_link_script CMakeFiles/cmTC_c656b.dir/link.txt --verbose=1
/usr/bin/cc  -DCHECK_FUNCTION_EXISTS=pthread_create    -rdynamic CMakeFiles/cmTC_c656b.dir/CheckFunctionExists.c.o  -o cmTC_c656b -lpthreads 
/usr/bin/ld: cannot find -lpthreads
collect2: error: ld returned 1 exit status
CMakeFiles/cmTC_c656b.dir/build.make:97: recipe for target 'cmTC_c656b' failed
make[1]: *** [cmTC_c656b] Error 1
make[1]: Leaving directory '/home/dennis-18/Simulation-Dreamer-Phy/build/CMakeFiles/CMakeTmp'
Makefile:126: recipe for target 'cmTC_c656b/fast' failed
make: *** [cmTC_c656b/fast] Error 2


